<?xml version="1.0" encoding="UTF-8"?>
<!-- Generated by org.testng.reporters.JUnitReportReporter -->
<testsuite skipped="0" hostname="Alis-Air.home" name="com.qa.tests.GetAPITest" tests="1" failures="0" timestamp="2020-02-24T15:41:37 EST" time="2.826" errors="0">
  <testcase name="getAPITest" time="2.826" classname="com.qa.tests.GetAPITest"/>
  <system-out/>
</testsuite> <!-- com.qa.tests.GetAPITest -->
